<?xml version="1.0" encoding="UTF-8"?>
<!-- Generated by org.testng.reporters.JUnitReportReporter -->
<testsuite skipped="1" hostname="DESKTOP-33MCDGD" name="src.KlasatestujacaTest" tests="2" failures="0" timestamp="26 kwi 2020 19:05:36 GMT" time="17.289" errors="1">
  <testcase name="f" time="0.000" classname="src.KlasatestujacaTest">
    <skipped/>
  </testcase> <!-- f -->
  <testcase name="beforeClass" time="17.289" classname="src.KlasatestujacaTest">
    <error type="org.openqa.selenium.SessionNotCreatedException" message="session not created
from chrome not reachable
  (Session info: chrome=81.0.4044.122)
Build info: version: &#039;3.11.0&#039;, revision: &#039;e59cfb3&#039;, time: &#039;2018-03-11T20:26:55.152Z&#039;
System info: host: &#039;DESKTOP-33MCDGD&#039;, ip: &#039;192.168.0.213&#039;, os.name: &#039;Windows 10&#039;, os.arch: &#039;amd64&#039;, os.version: &#039;10.0&#039;, java.version: &#039;1.8.0_192&#039;
Driver info: driver.version: ChromeDriver
remote stacktrace: Backtrace:
	Ordinal0 [0x00A65F73+2449267]
	Ordinal0 [0x00998361+1606497]
	Ordinal0 [0x0088F812+522258]
	Ordinal0 [0x008895B2+497074]
	Ordinal0 [0x00889C9B+498843]
	Ordinal0 [0x0088ABF5+502773]
	Ordinal0 [0x00886724+485156]
	Ordinal0 [0x00890600+525824]
	Ordinal0 [0x0083CBB9+183225]
	Ordinal0 [0x0083BF2D+180013]
	Ordinal0 [0x00839E5B+171611]
	Ordinal0 [0x00821DD8+73176]
	Ordinal0 [0x00822E50+77392]
	Ordinal0 [0x00822DE9+77289]
	Ordinal0 [0x009AD8D7+1693911]
	GetHandleVerifier [0x00B04036+522726]
	GetHandleVerifier [0x00B03D74+522020]
	GetHandleVerifier [0x00B19187+609079]
	GetHandleVerifier [0x00B048A6+524886]
	Ordinal0 [0x009A5CBC+1662140]
	Ordinal0 [0x009AF23B+1700411]
	Ordinal0 [0x009AF3A3+1700771]
	Ordinal0 [0x009C5215+1790485]
	BaseThreadInitThunk [0x76576359+25]
	RtlGetAppContainerNamedObjectPath [0x77117C24+228]
	RtlGetAppContainerNamedObjectPath [0x77117BF4+180]
">
      <![CDATA[org.openqa.selenium.SessionNotCreatedException: session not created
from chrome not reachable
  (Session info: chrome=81.0.4044.122)
Build info: version: '3.11.0', revision: 'e59cfb3', time: '2018-03-11T20:26:55.152Z'
System info: host: 'DESKTOP-33MCDGD', ip: '192.168.0.213', os.name: 'Windows 10', os.arch: 'amd64', os.version: '10.0', java.version: '1.8.0_192'
Driver info: driver.version: ChromeDriver
remote stacktrace: Backtrace:
Ordinal0 [0x00A65F73+2449267]
Ordinal0 [0x00998361+1606497]
Ordinal0 [0x0088F812+522258]
Ordinal0 [0x008895B2+497074]
Ordinal0 [0x00889C9B+498843]
Ordinal0 [0x0088ABF5+502773]
Ordinal0 [0x00886724+485156]
Ordinal0 [0x00890600+525824]
Ordinal0 [0x0083CBB9+183225]
Ordinal0 [0x0083BF2D+180013]
Ordinal0 [0x00839E5B+171611]
Ordinal0 [0x00821DD8+73176]
Ordinal0 [0x00822E50+77392]
Ordinal0 [0x00822DE9+77289]
Ordinal0 [0x009AD8D7+1693911]
GetHandleVerifier [0x00B04036+522726]
GetHandleVerifier [0x00B03D74+522020]
GetHandleVerifier [0x00B19187+609079]
GetHandleVerifier [0x00B048A6+524886]
Ordinal0 [0x009A5CBC+1662140]
Ordinal0 [0x009AF23B+1700411]
Ordinal0 [0x009AF3A3+1700771]
Ordinal0 [0x009C5215+1790485]
BaseThreadInitThunk [0x76576359+25]
RtlGetAppContainerNamedObjectPath [0x77117C24+228]
RtlGetAppContainerNamedObjectPath [0x77117BF4+180]

at sun.reflect.NativeConstructorAccessorImpl.newInstance0(Native Method)
at sun.reflect.NativeConstructorAccessorImpl.newInstance(Unknown Source)
at sun.reflect.DelegatingConstructorAccessorImpl.newInstance(Unknown Source)
at java.lang.reflect.Constructor.newInstance(Unknown Source)
at org.openqa.selenium.remote.W3CHandshakeResponse.lambda$new$0(W3CHandshakeResponse.java:57)
at org.openqa.selenium.remote.W3CHandshakeResponse.lambda$getResponseFunction$2(W3CHandshakeResponse.java:104)
at org.openqa.selenium.remote.ProtocolHandshake.lambda$createSession$0(ProtocolHandshake.java:123)
at java.util.stream.ReferencePipeline$3$1.accept(Unknown Source)
at java.util.Spliterators$ArraySpliterator.tryAdvance(Unknown Source)
at java.util.stream.ReferencePipeline.forEachWithCancel(Unknown Source)
at java.util.stream.AbstractPipeline.copyIntoWithCancel(Unknown Source)
at java.util.stream.AbstractPipeline.copyInto(Unknown Source)
at java.util.stream.AbstractPipeline.wrapAndCopyInto(Unknown Source)
at java.util.stream.FindOps$FindOp.evaluateSequential(Unknown Source)
at java.util.stream.AbstractPipeline.evaluate(Unknown Source)
at java.util.stream.ReferencePipeline.findFirst(Unknown Source)
at org.openqa.selenium.remote.ProtocolHandshake.createSession(ProtocolHandshake.java:126)
at org.openqa.selenium.remote.ProtocolHandshake.createSession(ProtocolHandshake.java:73)
at org.openqa.selenium.remote.HttpCommandExecutor.execute(HttpCommandExecutor.java:136)
at org.openqa.selenium.remote.service.DriverCommandExecutor.execute(DriverCommandExecutor.java:83)
at org.openqa.selenium.remote.RemoteWebDriver.execute(RemoteWebDriver.java:545)
at org.openqa.selenium.remote.RemoteWebDriver.startSession(RemoteWebDriver.java:209)
at org.openqa.selenium.remote.RemoteWebDriver.<init>(RemoteWebDriver.java:132)
at org.openqa.selenium.chrome.ChromeDriver.<init>(ChromeDriver.java:181)
at org.openqa.selenium.chrome.ChromeDriver.<init>(ChromeDriver.java:168)
at org.openqa.selenium.chrome.ChromeDriver.<init>(ChromeDriver.java:123)
at src.KlasatestujacaTest.beforeClass(KlasatestujacaTest.java:22)
at sun.reflect.NativeMethodAccessorImpl.invoke0(Native Method)
at sun.reflect.NativeMethodAccessorImpl.invoke(Unknown Source)
at sun.reflect.DelegatingMethodAccessorImpl.invoke(Unknown Source)
at java.lang.reflect.Method.invoke(Unknown Source)
at org.testng.internal.MethodInvocationHelper.invokeMethod(MethodInvocationHelper.java:124)
at org.testng.internal.MethodInvocationHelper.invokeMethodConsideringTimeout(MethodInvocationHelper.java:59)
at org.testng.internal.Invoker.invokeConfigurationMethod(Invoker.java:458)
at org.testng.internal.Invoker.invokeConfigurations(Invoker.java:222)
at org.testng.internal.Invoker.invokeConfigurations(Invoker.java:142)
at org.testng.internal.TestMethodWorker.invokeBeforeClassMethods(TestMethodWorker.java:168)
at org.testng.internal.TestMethodWorker.run(TestMethodWorker.java:105)
at org.testng.TestRunner.privateRun(TestRunner.java:648)
at org.testng.TestRunner.run(TestRunner.java:505)
at org.testng.SuiteRunner.runTest(SuiteRunner.java:455)
at org.testng.SuiteRunner.runSequentially(SuiteRunner.java:450)
at org.testng.SuiteRunner.privateRun(SuiteRunner.java:415)
at org.testng.SuiteRunner.run(SuiteRunner.java:364)
at org.testng.SuiteRunnerWorker.runSuite(SuiteRunnerWorker.java:52)
at org.testng.SuiteRunnerWorker.run(SuiteRunnerWorker.java:84)
at org.testng.TestNG.runSuitesSequentially(TestNG.java:1208)
at org.testng.TestNG.runSuitesLocally(TestNG.java:1137)
at org.testng.TestNG.runSuites(TestNG.java:1049)
at org.testng.TestNG.run(TestNG.java:1017)
at org.testng.remote.AbstractRemoteTestNG.run(AbstractRemoteTestNG.java:114)
at org.testng.remote.RemoteTestNG.initAndRun(RemoteTestNG.java:251)
at org.testng.remote.RemoteTestNG.main(RemoteTestNG.java:77)
]]>
    </error>
  </testcase> <!-- beforeClass -->
</testsuite> <!-- src.KlasatestujacaTest -->
